SF:lib/core/error/exceptions.dart
DA:6,17
DA:10,0
DA:11,0
DA:15,8
DA:19,10
LF:5
LH:3
end_of_record
SF:lib/features/number_trivia/data/datasources/number_trivia_local_data_source.dart
DA:20,1
DA:24,1
DA:26,3
DA:31,2
DA:33,1
DA:36,1
DA:38,2
DA:40,3
LF:8
LH:8
end_of_record
SF:lib/features/number_trivia/data/models/number_trivia_dto.dart
DA:17,6
DA:19,3
DA:20,3
DA:22,2
DA:23,2
DA:24,2
DA:25,2
LF:7
LH:7
end_of_record
SF:lib/features/number_trivia/data/models/number_trivia_dto.g.dart
DA:9,3
DA:10,3
DA:11,3
DA:12,6
DA:15,2
DA:16,2
DA:17,2
DA:18,4
LF:8
LH:8
end_of_record
SF:lib/core/data/converters.dart
DA:4,27
DA:6,3
DA:8,3
DA:11,2
LF:4
LH:4
end_of_record
SF:lib/features/number_trivia/domain/entities/number_trivia.dart
DA:13,5
LF:1
LH:1
end_of_record
SF:lib/features/number_trivia/data/datasources/number_trivia_remote_data_source.dart
DA:18,2
DA:19,2
DA:22,1
DA:26,1
DA:27,1
DA:29,1
DA:33,3
DA:35,2
DA:39,3
DA:42,1
DA:44,4
DA:46,1
DA:48,2
LF:13
LH:13
end_of_record
SF:lib/core/error/failures.dart
DA:12,9
DA:14,0
DA:15,0
DA:17,0
DA:18,0
DA:19,0
DA:22,0
DA:26,0
DA:29,3
DA:30,9
DA:34,4
DA:38,4
DA:42,7
LF:13
LH:6
end_of_record
SF:lib/core/extensions/global_to_either.dart
DA:6,2
DA:7,2
DA:10,2
DA:11,2
LF:4
LH:4
end_of_record
SF:lib/core/network/network_info.dart
DA:13,1
DA:17,1
DA:18,2
LF:3
LH:3
end_of_record
SF:lib/features/number_trivia/data/repositories/number_trivia_repository_impl.dart
DA:22,1
DA:28,1
DA:31,1
DA:32,3
DA:36,1
DA:38,3
DA:41,1
DA:43,2
DA:45,1
DA:46,2
DA:48,2
DA:49,1
DA:50,3
DA:55,2
DA:57,2
DA:58,1
DA:59,3
LF:17
LH:17
end_of_record
SF:lib/core/usecases/usecase.dart
DA:12,3
DA:14,0
DA:15,0
LF:3
LH:1
end_of_record
SF:lib/features/number_trivia/domain/usecases/get_random_number_trivia.dart
DA:15,1
DA:19,1
DA:21,2
LF:3
LH:3
end_of_record
SF:lib/core/domain/unsigned_integer.dart
DA:13,2
DA:14,4
DA:17,2
LF:3
LH:3
end_of_record
SF:lib/core/domain/validators.dart
DA:5,3
DA:13,3
DA:14,3
DA:15,2
DA:18,3
DA:21,3
DA:25,3
DA:26,3
DA:29,2
DA:32,3
DA:35,3
DA:37,3
DA:42,3
DA:46,3
DA:47,3
DA:48,2
DA:50,3
DA:53,3
DA:55,3
LF:19
LH:19
end_of_record
SF:lib/core/domain/value_object.dart
DA:8,2
DA:12,0
DA:13,0
DA:14,0
DA:21,0
DA:22,0
DA:25,0
DA:26,0
DA:28,0
DA:32,0
DA:34,0
DA:35,0
DA:36,0
DA:37,0
DA:38,0
DA:39,0
DA:43,0
DA:46,0
DA:48,0
DA:49,0
DA:50,0
DA:54,0
DA:56,0
DA:57,0
DA:58,0
DA:59,0
LF:26
LH:1
end_of_record
SF:lib/core/extensions/traverse_future_either.dart
DA:4,1
DA:7,1
DA:8,4
DA:15,0
DA:18,0
LF:5
LH:3
end_of_record
SF:lib/features/number_trivia/domain/entities/concrete_number_trivia_params.dart
DA:13,2
DA:15,0
DA:16,0
DA:17,0
LF:4
LH:1
end_of_record
SF:lib/features/number_trivia/domain/usecases/get_concrete_number_trivia.dart
DA:16,1
DA:18,1
DA:21,3
DA:22,2
LF:4
LH:4
end_of_record
SF:lib/features/number_trivia/presentation/store/number_trivia_data/number_trivia_data_actions.dart
DA:11,1
LF:1
LH:1
end_of_record
SF:lib/features/number_trivia/presentation/store/number_trivia_data/number_trivia_data_epic.dart
DA:22,1
DA:27,1
DA:29,4
DA:32,1
DA:33,4
DA:36,1
DA:37,1
DA:39,1
DA:45,1
DA:47,2
DA:48,1
DA:49,1
DA:50,1
DA:51,1
DA:52,1
LF:15
LH:15
end_of_record
SF:lib/features/number_trivia/presentation/store/number_trivia_data/number_trivia_data_reducers.dart
DA:3,1
DA:7,1
DA:8,1
DA:9,1
DA:10,1
DA:13,0
LF:6
LH:5
end_of_record
SF:lib/features/number_trivia/presentation/store/number_trivia_data/number_trivia_data_state.dart
DA:10,4
LF:1
LH:1
end_of_record
SF:lib/core/store/app_state.dart
DA:8,0
DA:10,0
DA:11,0
DA:14,0
DA:15,0
DA:16,0
LF:6
LH:0
end_of_record
SF:lib/core/store/epic_filtered_class.dart
DA:17,1
DA:20,3
DA:26,0
DA:28,0
LF:4
LH:2
end_of_record
SF:lib/features/number_trivia/presentation/store/number_trivia_data/number_trivia_data_selectors.dart
DA:8,0
DA:9,0
DA:10,0
DA:11,0
LF:4
LH:0
end_of_record
SF:lib/features/number_trivia/presentation/store/number_trivia_selectors.dart
DA:6,0
DA:7,0
DA:8,0
LF:3
LH:0
end_of_record
SF:lib/features/number_trivia/presentation/store/number_trivia_state.dart
DA:10,0
DA:15,0
DA:16,0
DA:20,0
DA:21,0
DA:22,0
DA:23,0
LF:7
LH:0
end_of_record
SF:lib/features/number_trivia/presentation/store/number_trivia_form/number_trivia_form_action.dart
DA:9,0
LF:1
LH:0
end_of_record
SF:lib/features/number_trivia/presentation/store/number_trivia_form/number_trivia_form_reducers.dart
DA:4,0
DA:8,0
DA:9,0
DA:10,0
DA:11,0
DA:13,0
LF:6
LH:0
end_of_record
SF:lib/features/number_trivia/presentation/store/number_trivia_form/number_trivia_form_selectors.dart
DA:7,0
DA:8,0
DA:9,0
LF:3
LH:0
end_of_record
SF:lib/features/number_trivia/presentation/store/number_trivia_form/number_trivia_form_state.dart
DA:14,0
DA:16,0
DA:17,0
LF:3
LH:0
end_of_record
SF:lib/features/number_trivia/presentation/store/number_trivia_reducer.dart
DA:5,0
DA:6,0
DA:7,0
DA:8,0
DA:11,0
DA:12,0
LF:6
LH:0
end_of_record
